✅ Sincronización completada: Mon Apr 27 19:33:23 UTC 2026
Branch: main
Commit SHA: abd927d8ccef02106a59cfffccd87673c218db36
Triggered by: push
✅ Sincronización completada: Tue Apr 28 02:42:14 UTC 2026
Branch: main
Commit SHA: 25320fc8f472ba21e6e260766e1137788d569daa
Triggered by: schedule
✅ Sincronización completada: Tue Apr 28 08:22:24 UTC 2026
Branch: main
Commit SHA: 696cd06b2f0bd579af50f2adf41c0dfc7501df92
Triggered by: schedule
✅ Sincronización completada: Tue Apr 28 13:59:47 UTC 2026
Branch: main
Commit SHA: 4c79757deefab56798d5c87d381b10260113cd82
Triggered by: schedule
✅ Sincronización completada: Tue Apr 28 19:29:13 UTC 2026
Branch: main
Commit SHA: 6014730065d3e58eb16c939b3b386476061d858e
Triggered by: schedule
✅ Sincronización completada: Wed Apr 29 02:42:02 UTC 2026
Branch: main
Commit SHA: 642293e0520dcce12869ca15f135d4a17c20f95f
Triggered by: schedule
✅ Sincronización completada: Wed Apr 29 08:13:04 UTC 2026
Branch: main
Commit SHA: 8263e1d6fe72143f4aee6def72312005abf20004
Triggered by: schedule
✅ Sincronización completada: Wed Apr 29 13:50:19 UTC 2026
Branch: main
Commit SHA: 9e17d4851a9cb4b3fb92e596a5ca7f43ae9fb8a5
Triggered by: schedule
✅ Sincronización completada: Wed Apr 29 19:21:45 UTC 2026
Branch: main
Commit SHA: e07f955ebb51a9c6b9db4126bc56474959da252b
Triggered by: schedule
✅ Sincronización completada: Thu Apr 30 02:43:10 UTC 2026
Branch: main
Commit SHA: 8b57d5d68ef6ad75234846b828a53763322515ed
Triggered by: schedule
✅ Sincronización completada: Thu Apr 30 08:18:00 UTC 2026
Branch: main
Commit SHA: 823862919b185ff4b385fdc9f1fb8e146d79e88e
Triggered by: schedule
✅ Sincronización completada: Thu Apr 30 13:48:56 UTC 2026
Branch: main
Commit SHA: 4607c6ea1a5044651288dd93c0042eecd0019e81
Triggered by: schedule
✅ Sincronización completada: Thu Apr 30 19:17:19 UTC 2026
Branch: main
Commit SHA: 4b34b6796c0f6e9718dc752fffffab7908d99f29
Triggered by: schedule
✅ Sincronización completada: Fri May  1 02:49:57 UTC 2026
Branch: main
Commit SHA: ce115c38f775bd0bfa6dec340308531731283980
Triggered by: schedule
✅ Sincronización completada: Fri May  1 08:08:56 UTC 2026
Branch: main
Commit SHA: 1f20ff9ecd7951e640ed1a1a6e81626735e5d248
Triggered by: schedule
✅ Sincronización completada: Fri May  1 13:14:30 UTC 2026
Branch: main
Commit SHA: f8c5341c4be9b411feb2f72e93b0184a23daffca
Triggered by: schedule
✅ Sincronización completada: Fri May  1 19:08:24 UTC 2026
Branch: main
Commit SHA: 9cc8ca4e317391ab32764db479b9aeb4b3beb2d9
Triggered by: schedule
